0 info it worked if it ends with ok
1 verbose cli [ '/usr/local/Cellar/node/5.0.0/bin/node',
1 verbose cli   '/usr/local/bin/npm',
1 verbose cli   'start' ]
2 info using npm@3.3.9
3 info using node@v5.0.0
4 verbose run-script [ 'prestart', 'start', 'poststart' ]
5 info lifecycle angular-seed@0.0.0~prestart: angular-seed@0.0.0
6 silly lifecycle angular-seed@0.0.0~prestart: no script for prestart, continuing
7 info lifecycle angular-seed@0.0.0~start: angular-seed@0.0.0
8 verbose lifecycle angular-seed@0.0.0~start: unsafe-perm in lifecycle true
9 verbose lifecycle angular-seed@0.0.0~start: PATH: /usr/local/lib/node_modules/npm/bin/node-gyp-bin:/Users/Stas/Documents/Development/cloud/openshift/nodejs.git/node_modules/.bin:/usr/local/bin:/usr/bin:/bin:/usr/sbin:/sbin:/usr/local/MacGPG2/bin
10 verbose lifecycle angular-seed@0.0.0~start: CWD: /Users/Stas/Documents/Development/cloud/openshift/nodejs.git
11 silly lifecycle angular-seed@0.0.0~start: Args: [ '-c', 'DEBUG=*:log,*:info,*:error node server.js' ]
12 silly lifecycle angular-seed@0.0.0~start: Returned: code: 1  signal: null
13 info lifecycle angular-seed@0.0.0~start: Failed to exec start script
14 verbose stack Error: angular-seed@0.0.0 start: `DEBUG=*:log,*:info,*:error node server.js`
14 verbose stack Exit status 1
14 verbose stack     at EventEmitter.<anonymous> (/usr/local/lib/node_modules/npm/lib/utils/lifecycle.js:233:16)
14 verbose stack     at emitTwo (events.js:87:13)
14 verbose stack     at EventEmitter.emit (events.js:172:7)
14 verbose stack     at ChildProcess.<anonymous> (/usr/local/lib/node_modules/npm/lib/utils/spawn.js:24:14)
14 verbose stack     at emitTwo (events.js:87:13)
14 verbose stack     at ChildProcess.emit (events.js:172:7)
14 verbose stack     at maybeClose (internal/child_process.js:818:16)
14 verbose stack     at Process.ChildProcess._handle.onexit (internal/child_process.js:211:5)
15 verbose pkgid angular-seed@0.0.0
16 verbose cwd /Users/Stas/Documents/Development/cloud/openshift/nodejs.git
17 error Darwin 14.5.0
18 error argv "/usr/local/Cellar/node/5.0.0/bin/node" "/usr/local/bin/npm" "start"
19 error node v5.0.0
20 error npm  v3.3.9
21 error code ELIFECYCLE
22 error angular-seed@0.0.0 start: `DEBUG=*:log,*:info,*:error node server.js`
22 error Exit status 1
23 error Failed at the angular-seed@0.0.0 start script 'DEBUG=*:log,*:info,*:error node server.js'.
23 error This is most likely a problem with the angular-seed package,
23 error not with npm itself.
23 error Tell the author that this fails on your system:
23 error     DEBUG=*:log,*:info,*:error node server.js
23 error You can get their info via:
23 error     npm owner ls angular-seed
23 error There is likely additional logging output above.
24 verbose exit [ 1, true ]
